[2021-03-05T15:16:42Z] Started EB User Data
+ SLEEP_TIME=10
+ SLEEP_TIME_MAX=3600
+ true
+ curl https://elasticbeanstalk-platform-assets-us-west-2.s3.us-west-2.amazonaws.com/stalks/eb_corretto11_amazon_linux_2_1.0.1952.0_20210225043135/lib/UserDataScript.sh
  % Total    % Received % Xferd  Average Speed   Time    Time     Time  Current
                                 Dload  Upload   Total   Spent    Left  Speed
  0     0    0     0    0     0      0      0 --:--:-- --:--:-- --:--:--     0100  4327  100  4327    0     0  96155      0 --:--:-- --:--:-- --:--:-- 96155
+ RESULT=0
+ [[ 0 -ne 0 ]]
+ SLEEP_TIME=2
+ /bin/bash /tmp/ebbootstrap.sh 'https://cloudformation-waitcondition-us-west-2.s3-us-west-2.amazonaws.com/arn%3Aaws%3Acloudformation%3Aus-west-2%3A375215620020%3Astack/awseb-e-5mp5kqxi5i-stack/a711c100-7dc5-11eb-b264-0a4496d1441f/AWSEBInstanceLaunchWaitHandle?X-Amz-Algorithm=AWS4-HMAC-SHA256&X-Amz-Date=20210305T151548Z&X-Amz-SignedHeaders=host&X-Amz-Expires=86399&X-Amz-Credential=AKIAJBJSWSW6NLR67N6A%2F20210305%2Fus-west-2%2Fs3%2Faws4_request&X-Amz-Signature=620149175fe9d300a9fc7886b640a4178e7260ea8820c84f404ebfbaf2e1d138' arn:aws:cloudformation:us-west-2:375215620020:stack/awseb-e-5mp5kqxi5i-stack/a711c100-7dc5-11eb-b264-0a4496d1441f 11ac6c54-e19c-4b68-9771-5d64133acc75 https://elasticbeanstalk-health.us-west-2.amazonaws.com '' https://elasticbeanstalk-platform-assets-us-west-2.s3.us-west-2.amazonaws.com/stalks/eb_corretto11_amazon_linux_2_1.0.1952.0_20210225043135/lib/platform-engine.zip us-west-2
[2021-03-05T15:16:42.775Z] Started EB Bootstrapping Script.
[2021-03-05T15:16:42.779Z] Received parameters:
 RPMS = 
 TARBALLS = 
 EB_GEMS = 
 SIGNAL_URL = https://cloudformation-waitcondition-us-west-2.s3-us-west-2.amazonaws.com/arn%3Aaws%3Acloudformation%3Aus-west-2%3A375215620020%3Astack/awseb-e-5mp5kqxi5i-stack/a711c100-7dc5-11eb-b264-0a4496d1441f/AWSEBInstanceLaunchWaitHandle?X-Amz-Algorithm=AWS4-HMAC-SHA256&X-Amz-Date=20210305T151548Z&X-Amz-SignedHeaders=host&X-Amz-Expires=86399&X-Amz-Credential=AKIAJBJSWSW6NLR67N6A%2F20210305%2Fus-west-2%2Fs3%2Faws4_request&X-Amz-Signature=620149175fe9d300a9fc7886b640a4178e7260ea8820c84f404ebfbaf2e1d138
 STACK_ID = arn:aws:cloudformation:us-west-2:375215620020:stack/awseb-e-5mp5kqxi5i-stack/a711c100-7dc5-11eb-b264-0a4496d1441f
 REGION = us-west-2
 GUID = 
 HEALTHD_GROUP_ID = 11ac6c54-e19c-4b68-9771-5d64133acc75
 HEALTHD_ENDPOINT = https://elasticbeanstalk-health.us-west-2.amazonaws.com
 PROXY_SERVER = 
 HEALTHD_PROXY_LOG_LOCATION = 
 ENGINE_URL = https://elasticbeanstalk-platform-assets-us-west-2.s3.us-west-2.amazonaws.com/stalks/eb_corretto11_amazon_linux_2_1.0.1952.0_20210225043135/lib/platform-engine.zip
[2021-03-05T15:16:42.788Z] first init of instance.
[2021-03-05T15:16:42.790Z] Started executing cfn_init _OnInstanceBoot.
[2021-03-05T15:16:42.791Z] Running cfn-init ConfigSet: _OnInstanceBoot.
[2021-03-05T15:16:42.800Z] Using stack-id from userdata
[2021-03-05T15:17:15.006Z] Command Returned: 
[2021-03-05T15:17:15.008Z] Completed executing cfn_init.
[2021-03-05T15:17:15.011Z] finished _OnInstanceBoot
--2021-03-05 15:17:15--  https://elasticbeanstalk-platform-assets-us-west-2.s3.us-west-2.amazonaws.com/stalks/eb_corretto11_amazon_linux_2_1.0.1952.0_20210225043135/lib/platform-engine.zip
Resolving elasticbeanstalk-platform-assets-us-west-2.s3.us-west-2.amazonaws.com (elasticbeanstalk-platform-assets-us-west-2.s3.us-west-2.amazonaws.com)... 52.218.247.209
Connecting to elasticbeanstalk-platform-assets-us-west-2.s3.us-west-2.amazonaws.com (elasticbeanstalk-platform-assets-us-west-2.s3.us-west-2.amazonaws.com)|52.218.247.209|:443... connected.
HTTP request sent, awaiting response... 200 OK
Length: 20554014 (20M) [application/zip]
Saving to: ‘/tmp/platform-engine.zip’

     0K .......... .......... .......... .......... ..........  0% 21.0M 1s
    50K .......... .......... .......... .......... ..........  0% 30.4M 1s
   100K .......... .......... .......... .......... ..........  0% 3.34M 2s
   150K .......... .......... .......... .......... ..........  0% 29.4M 2s
   200K .......... .......... .......... .......... ..........  1% 35.7M 2s
   250K .......... .......... .......... .......... ..........  1% 37.7M 2s
   300K .......... .......... .......... .......... ..........  1% 37.1M 1s
   350K .......... .......... .......... .......... ..........  1% 37.0M 1s
   400K .......... .......... .......... .......... ..........  2% 37.0M 1s
   450K .......... .......... .......... .......... ..........  2% 36.3M 1s
   500K .......... .......... .......... .......... ..........  2% 22.8M 1s
   550K .......... .......... .......... .......... ..........  2% 31.3M 1s
   600K .......... .......... .......... .......... ..........  3% 32.3M 1s
   650K .......... .......... .......... .......... ..........  3% 32.6M 1s
   700K .......... .......... .......... .......... ..........  3% 31.4M 1s
   750K .......... .......... .......... .......... ..........  3% 36.5M 1s
   800K .......... .......... .......... .......... ..........  4% 36.7M 1s
   850K .......... .......... .......... .......... ..........  4% 35.4M 1s
   900K .......... .......... .......... .......... ..........  4% 36.9M 1s
   950K .......... .......... .......... .......... ..........  4% 36.2M 1s
  1000K .......... .......... .......... .......... ..........  5% 24.5M 1s
  1050K .......... .......... .......... .......... ..........  5% 32.4M 1s
  1100K .......... .......... .......... .......... ..........  5% 31.8M 1s
  1150K .......... .......... .......... .......... ..........  5% 32.3M 1s
  1200K .......... .......... .......... .......... ..........  6% 31.1M 1s
  1250K .......... .......... .......... .......... ..........  6%  223M 1s
  1300K .......... .......... .......... .......... ..........  6%  241M 1s
  1350K .......... .......... .......... .......... ..........  6%  237M 1s
  1400K .......... .......... .......... .......... ..........  7%  234M 1s
  1450K .......... .......... .......... .......... ..........  7%  241M 1s
  1500K .......... .......... .......... .......... ..........  7%  285M 1s
  1550K .......... .......... .......... .......... ..........  7%  273M 1s
  1600K .......... .......... .......... .......... ..........  8%  237M 1s
  1650K .......... .......... .......... .......... ..........  8%  259M 1s
  1700K .......... .......... .......... .......... ..........  8%  245M 1s
  1750K .......... .......... .......... .......... ..........  8%  252M 1s
  1800K .......... .......... .......... .......... ..........  9%  268M 1s
  1850K .......... .......... .......... .......... ..........  9%  250M 1s
  1900K .......... .......... .......... .......... ..........  9%  236M 1s
  1950K .......... .......... .......... .......... ..........  9%  260M 0s
  2000K .......... .......... .......... .......... .......... 10%  256M 0s
  2050K .......... .......... .......... .......... .......... 10%  244M 0s
  2100K .......... .......... .......... .......... .......... 10%  263M 0s
  2150K .......... .......... .......... .......... .......... 10%  261M 0s
  2200K .......... .......... .......... .......... .......... 11%  246M 0s
  2250K .......... .......... .......... .......... .......... 11% 20.4M 0s
  2300K .......... .......... .......... .......... .......... 11%  347M 0s
  2350K .......... .......... .......... .......... .......... 11%  397M 0s
  2400K .......... .......... .......... .......... .......... 12%  406M 0s
  2450K .......... .......... .......... .......... .......... 12%  365M 0s
  2500K .......... .......... .......... .......... .......... 12%  300M 0s
  2550K .......... .......... .......... .......... .......... 12%  322M 0s
  2600K .......... .......... .......... .......... .......... 13%  318M 0s
  2650K .......... .......... .......... .......... .......... 13% 42.1M 0s
  2700K .......... .......... .......... .......... .......... 13%  107M 0s
  2750K .......... .......... .......... .......... .......... 13%  118M 0s
  2800K .......... .......... .......... .......... .......... 14%  167M 0s
  2850K .......... .......... .......... .......... .......... 14%  123M 0s
  2900K .......... .......... .......... .......... .......... 14%  155M 0s
  2950K .......... .......... .......... .......... .......... 14%  251M 0s
  3000K .......... .......... .......... .......... .......... 15%  232M 0s
  3050K .......... .......... .......... .......... .......... 15%  237M 0s
  3100K .......... .......... .......... .......... .......... 15%  286M 0s
  3150K .......... .......... .......... .......... .......... 15%  263M 0s
  3200K .......... .......... .......... .......... .......... 16%  265M 0s
  3250K .......... .......... .......... .......... .......... 16%  242M 0s
  3300K .......... .......... .......... .......... .......... 16%  247M 0s
  3350K .......... .......... .......... .......... .......... 16%  269M 0s
  3400K .......... .......... .......... .......... .......... 17%  240M 0s
  3450K .......... .......... .......... .......... .......... 17%  277M 0s
  3500K .......... .......... .......... .......... .......... 17%  266M 0s
  3550K .......... .......... .......... .......... .......... 17%  231M 0s
  3600K .......... .......... .......... .......... .......... 18%  216M 0s
  3650K .......... .......... .......... .......... .......... 18% 87.8M 0s
  3700K .......... .......... .......... .......... .......... 18%  174M 0s
  3750K .......... .......... .......... .......... .......... 18%  202M 0s
  3800K .......... .......... .......... .......... .......... 19%  168M 0s
  3850K .......... .......... .......... .......... .......... 19%  172M 0s
  3900K .......... .......... .......... .......... .......... 19%  158M 0s
  3950K .......... .......... .......... .......... .......... 19%  182M 0s
  4000K .......... .......... .......... .......... .......... 20%  190M 0s
  4050K .......... .......... .......... .......... .......... 20%  182M 0s
  4100K .......... .......... .......... .......... .......... 20%  198M 0s
  4150K .......... .......... .......... .......... .......... 20%  142M 0s
  4200K .......... .......... .......... .......... .......... 21%  168M 0s
  4250K .......... .......... .......... .......... .......... 21%  161M 0s
  4300K .......... .......... .......... .......... .......... 21%  233M 0s
  4350K .......... .......... .......... .......... .......... 21%  183M 0s
  4400K .......... .......... .......... .......... .......... 22%  174M 0s
  4450K .......... .......... .......... .......... .......... 22%  176M 0s
  4500K .......... .......... .......... .......... .......... 22%  204M 0s
  4550K .......... .......... .......... .......... .......... 22% 52.0M 0s
  4600K .......... .......... .......... .......... .......... 23% 32.0M 0s
  4650K .......... .......... .......... .......... .......... 23%  226M 0s
  4700K .......... .......... .......... .......... .......... 23%  203M 0s
  4750K .......... .......... .......... .......... .......... 23%  172M 0s
  4800K .......... .......... .......... .......... .......... 24%  183M 0s
  4850K .......... .......... .......... .......... .......... 24%  200M 0s
  4900K .......... .......... .......... .......... .......... 24%  217M 0s
  4950K .......... .......... .......... .......... .......... 24%  234M 0s
  5000K .......... .......... .......... .......... .......... 25%  210M 0s
  5050K .......... .......... .......... .......... .......... 25%  180M 0s
  5100K .......... .......... .......... .......... .......... 25%  189M 0s
  5150K .......... .......... .......... .......... .......... 25%  208M 0s
  5200K .......... .......... .......... .......... .......... 26%  191M 0s
  5250K .......... .......... .......... .......... .......... 26%  205M 0s
  5300K .......... .......... .......... .......... .......... 26%  212M 0s
  5350K .......... .......... .......... .......... .......... 26%  225M 0s
  5400K .......... .......... .......... .......... .......... 27%  207M 0s
  5450K .......... .......... .......... .......... .......... 27%  202M 0s
  5500K .......... .......... .......... .......... .......... 27%  190M 0s
  5550K .......... .......... .......... .......... .......... 27%  170M 0s
  5600K .......... .......... .......... .......... .......... 28%  197M 0s
  5650K .......... .......... .......... .......... .......... 28%  190M 0s
  5700K .......... .......... .......... .......... .......... 28%  194M 0s
  5750K .......... .......... .......... .......... .......... 28%  240M 0s
  5800K .......... .......... .......... .......... .......... 29%  204M 0s
  5850K .......... .......... .......... .......... .......... 29%  191M 0s
  5900K .......... .......... .......... .......... .......... 29%  184M 0s
  5950K .......... .......... .......... .......... .......... 29%  179M 0s
  6000K .......... .......... .......... .......... .......... 30%  192M 0s
  6050K .......... .......... .......... .......... .......... 30%  208M 0s
  6100K .......... .......... .......... .......... .......... 30%  194M 0s
  6150K .......... .......... .......... .......... .......... 30%  178M 0s
  6200K .......... .......... .......... .......... .......... 31%  203M 0s
  6250K .......... .......... .......... .......... .......... 31%  191M 0s
  6300K .......... .......... .......... .......... .......... 31%  172M 0s
  6350K .......... .......... .......... .......... .......... 31%  183M 0s
  6400K .......... .......... .......... .......... .......... 32%  178M 0s
  6450K .......... .......... .......... .......... .......... 32%  182M 0s
  6500K .......... .......... .......... .......... .......... 32%  183M 0s
  6550K .......... .......... .......... .......... .......... 32%  180M 0s
  6600K .......... .......... .......... .......... .......... 33%  193M 0s
  6650K .......... .......... .......... .......... .......... 33%  186M 0s
  6700K .......... .......... .......... .......... .......... 33%  183M 0s
  6750K .......... .......... .......... .......... .......... 33%  199M 0s
  6800K .......... .......... .......... .......... .......... 34%  179M 0s
  6850K .......... .......... .......... .......... .......... 34%  183M 0s
  6900K .......... .......... .......... .......... .......... 34%  206M 0s
  6950K .......... .......... .......... .......... .......... 34%  188M 0s
  7000K .......... .......... .......... .......... .......... 35%  197M 0s
  7050K .......... .......... .......... .......... .......... 35%  246M 0s
  7100K .......... .......... .......... .......... .......... 35%  174M 0s
  7150K .......... .......... .......... .......... .......... 35%  170M 0s
  7200K .......... .......... .......... .......... .......... 36%  190M 0s
  7250K .......... .......... .......... .......... .......... 36%  200M 0s
  7300K .......... .......... .......... .......... .......... 36%  187M 0s
  7350K .......... .......... .......... .......... .......... 36%  173M 0s
  7400K .......... .......... .......... .......... .......... 37%  174M 0s
  7450K .......... .......... .......... .......... .......... 37%  195M 0s
  7500K .......... .......... .......... .......... .......... 37%  223M 0s
  7550K .......... .......... .......... .......... .......... 37%  154M 0s
  7600K .......... .......... .......... .......... .......... 38%  196M 0s
  7650K .......... .......... .......... .......... .......... 38%  175M 0s
  7700K .......... .......... .......... .......... .......... 38%  182M 0s
  7750K .......... .......... .......... .......... .......... 38%  154M 0s
  7800K .......... .......... .......... .......... .......... 39%  173M 0s
  7850K .......... .......... .......... .......... .......... 39%  158M 0s
  7900K .......... .......... .......... .......... .......... 39%  197M 0s
  7950K .......... .......... .......... .......... .......... 39%  177M 0s
  8000K .......... .......... .......... .......... .......... 40%  153M 0s
  8050K .......... .......... .......... .......... .......... 40%  189M 0s
  8100K .......... .......... .......... .......... .......... 40% 20.5M 0s
  8150K .......... .......... .......... .......... .......... 40%  185M 0s
  8200K .......... .......... .......... .......... .......... 41%  286M 0s
  8250K .......... .......... .......... .......... .......... 41%  255M 0s
  8300K .......... .......... .......... .......... .......... 41%  201M 0s
  8350K .......... .......... .......... .......... .......... 41%  226M 0s
  8400K .......... .......... .......... .......... .......... 42%  196M 0s
  8450K .......... .......... .......... .......... .......... 42%  186M 0s
  8500K .......... .......... .......... .......... .......... 42%  178M 0s
  8550K .......... .......... .......... .......... .......... 42%  195M 0s
  8600K .......... .......... .......... .......... .......... 43%  210M 0s
  8650K .......... .......... .......... .......... .......... 43%  193M 0s
  8700K .......... .......... .......... .......... .......... 43%  183M 0s
  8750K .......... .......... .......... .......... .......... 43%  200M 0s
  8800K .......... .......... .......... .......... .......... 44%  188M 0s
  8850K .......... .......... .......... .......... .......... 44%  188M 0s
  8900K .......... .......... .......... .......... .......... 44%  186M 0s
  8950K .......... .......... .......... .......... .......... 44%  192M 0s
  9000K .......... .......... .......... .......... .......... 45%  181M 0s
  9050K .......... .......... .......... .......... .......... 45%  185M 0s
  9100K .......... .......... .......... .......... .......... 45%  192M 0s
  9150K .......... .......... .......... .......... .......... 45%  210M 0s
  9200K .......... .......... .......... .......... .......... 46%  225M 0s
  9250K .......... .......... .......... .......... .......... 46%  204M 0s
  9300K .......... .......... .......... .......... .......... 46%  196M 0s
  9350K .......... .......... .......... .......... .......... 46%  183M 0s
  9400K .......... .......... .......... .......... .......... 47%  179M 0s
  9450K .......... .......... .......... .......... .......... 47%  213M 0s
  9500K .......... .......... .......... .......... .......... 47%  189M 0s
  9550K .......... .......... .......... .......... .......... 47%  200M 0s
  9600K .......... .......... .......... .......... .......... 48%  208M 0s
  9650K .......... .......... .......... .......... .......... 48%  194M 0s
  9700K .......... .......... .......... .......... .......... 48%  201M 0s
  9750K .......... .......... .......... .......... .......... 48%  184M 0s
  9800K .......... .......... .......... .......... .......... 49%  210M 0s
  9850K .......... .......... .......... .......... .......... 49%  194M 0s
  9900K .......... .......... .......... .......... .......... 49%  200M 0s
  9950K .......... .......... .......... .......... .......... 49%  216M 0s
 10000K .......... .......... .......... .......... .......... 50%  225M 0s
 10050K .......... .......... .......... .......... .......... 50%  218M 0s
 10100K .......... .......... .......... .......... .......... 50%  189M 0s
 10150K .......... .......... .......... .......... .......... 50%  197M 0s
 10200K .......... .......... .......... .......... .......... 51%  195M 0s
 10250K .......... .......... .......... .......... .......... 51%  187M 0s
 10300K .......... .......... .......... .......... .......... 51%  182M 0s
 10350K .......... .......... .......... .......... .......... 51%  186M 0s
 10400K .......... .......... .......... .......... .......... 52%  182M 0s
 10450K .......... .......... .......... .......... .......... 52%  179M 0s
 10500K .......... .......... .......... .......... .......... 52%  193M 0s
 10550K .......... .......... .......... .......... .......... 52%  169M 0s
 10600K .......... .......... .......... .......... .......... 53%  201M 0s
 10650K .......... .......... .......... .......... .......... 53%  178M 0s
 10700K .......... .......... .......... .......... .......... 53%  195M 0s
 10750K .......... .......... .......... .......... .......... 53%  177M 0s
 10800K .......... .......... .......... .......... .......... 54%  189M 0s
 10850K .......... .......... .......... .......... .......... 54%  199M 0s
 10900K .......... .......... .......... .......... .......... 54%  220M 0s
 10950K .......... .......... .......... .......... .......... 54%  191M 0s
 11000K .......... .......... .......... .......... .......... 55%  188M 0s
 11050K .......... .......... .......... .......... .......... 55%  202M 0s
 11100K .......... .......... .......... .......... .......... 55%  182M 0s
 11150K .......... .......... .......... .......... .......... 55%  194M 0s
 11200K .......... .......... .......... .......... .......... 56%  205M 0s
 11250K .......... .......... .......... .......... .......... 56%  233M 0s
 11300K .......... .......... .......... .......... .......... 56%  215M 0s
 11350K .......... .......... .......... .......... .......... 56%  201M 0s
 11400K .......... .......... .......... .......... .......... 57%  194M 0s
 11450K .......... .......... .......... .......... .......... 57%  185M 0s
 11500K .......... .......... .......... .......... .......... 57%  187M 0s
 11550K .......... .......... .......... .......... .......... 57%  205M 0s
 11600K .......... .......... .......... .......... .......... 58%  188M 0s
 11650K .......... .......... .......... .......... .......... 58%  168M 0s
 11700K .......... .......... .......... .......... .......... 58% 22.6M 0s
 11750K .......... .......... .......... .......... .......... 58%  185M 0s
 11800K .......... .......... .......... .......... .......... 59%  203M 0s
 11850K .......... .......... .......... .......... .......... 59% 34.2M 0s
 11900K .......... .......... .......... .......... .......... 59% 53.2M 0s
 11950K .......... .......... .......... .......... .......... 59% 55.4M 0s
 12000K .......... .......... .......... .......... .......... 60% 43.3M 0s
 12050K .......... .......... .......... .......... .......... 60%  127M 0s
 12100K .......... .......... .......... .......... .......... 60%  245M 0s
 12150K .......... .......... .......... .......... .......... 60%  281M 0s
 12200K .......... .......... .......... .......... .......... 61%  279M 0s
 12250K .......... .......... .......... .......... .......... 61%  352M 0s
 12300K .......... .......... .......... .......... .......... 61%  275M 0s
 12350K .......... .......... .......... .......... .......... 61%  235M 0s
 12400K .......... .......... .......... .......... .......... 62%  266M 0s
 12450K .......... .......... .......... .......... .......... 62%  302M 0s
 12500K .......... .......... .......... .......... .......... 62%  283M 0s
 12550K .......... .......... .......... .......... .......... 62%  303M 0s
 12600K .......... .......... .......... .......... .......... 63%  271M 0s
 12650K .......... .......... .......... .......... .......... 63%  281M 0s
 12700K .......... .......... .......... .......... .......... 63%  282M 0s
 12750K .......... .......... .......... .......... .......... 63%  255M 0s
 12800K .......... .......... .......... .......... .......... 64%  246M 0s
 12850K .......... .......... .......... .......... .......... 64%  243M 0s
 12900K .......... .......... .......... .......... .......... 64%  173M 0s
 12950K .......... .......... .......... .......... .......... 64%  179M 0s
 13000K .......... .......... .......... .......... .......... 65%  212M 0s
 13050K .......... .......... .......... .......... .......... 65%  160M 0s
 13100K .......... .......... .......... .......... .......... 65%  162M 0s
 13150K .......... .......... .......... .......... .......... 65%  188M 0s
 13200K .......... .......... .......... .......... .......... 66%  181M 0s
 13250K .......... .......... .......... .......... .......... 66%  152M 0s
 13300K .......... .......... .......... .......... .......... 66%  171M 0s
 13350K .......... .......... .......... .......... .......... 66%  183M 0s
 13400K .......... .......... .......... .......... .......... 67%  210M 0s
 13450K .......... .......... .......... .......... .......... 67%  193M 0s
 13500K .......... .......... .......... .......... .......... 67%  176M 0s
 13550K .......... .......... .......... .......... .......... 67%  164M 0s
 13600K .......... .......... .......... .......... .......... 68%  182M 0s
 13650K .......... .......... .......... .......... .......... 68%  255M 0s
 13700K .......... .......... .......... .......... .......... 68%  298M 0s
 13750K .......... .......... .......... .......... .......... 68%  271M 0s
 13800K .......... .......... .......... .......... .......... 69%  269M 0s
 13850K .......... .......... .......... .......... .......... 69%  280M 0s
 13900K .......... .......... .......... .......... .......... 69%  248M 0s
 13950K .......... .......... .......... .......... .......... 69%  249M 0s
 14000K .......... .......... .......... .......... .......... 69%  277M 0s
 14050K .......... .......... .......... .......... .......... 70%  229M 0s
 14100K .......... .......... .......... .......... .......... 70%  236M 0s
 14150K .......... .......... .......... .......... .......... 70%  258M 0s
 14200K .......... .......... .......... .......... .......... 70%  258M 0s
 14250K .......... .......... .......... .......... .......... 71%  305M 0s
 14300K .......... .......... .......... .......... .......... 71%  292M 0s
 14350K .......... .......... .......... .......... .......... 71%  233M 0s
 14400K .......... .......... .......... .......... .......... 71%  254M 0s
 14450K .......... .......... .......... .......... .......... 72%  267M 0s
 14500K .......... .......... .......... .......... .......... 72%  271M 0s
 14550K .......... .......... .......... .......... .......... 72%  237M 0s
 14600K .......... .......... .......... .......... .......... 72%  243M 0s
 14650K .......... .......... .......... .......... .......... 73%  283M 0s
 14700K .......... .......... .......... .......... .......... 73%  180M 0s
 14750K .......... .......... .......... .......... .......... 73%  171M 0s
 14800K .......... .......... .......... .......... .......... 73%  166M 0s
 14850K .......... .......... .......... .......... .......... 74%  183M 0s
 14900K .......... .......... .......... .......... .......... 74%  182M 0s
 14950K .......... .......... .......... .......... .......... 74% 26.5M 0s
 15000K .......... .......... .......... .......... .......... 74% 78.2M 0s
 15050K .......... .......... .......... .......... .......... 75%  272M 0s
 15100K .......... .......... .......... .......... .......... 75%  323M 0s
 15150K .......... .......... .......... .......... .......... 75%  315M 0s
 15200K .......... .......... .......... .......... .......... 75%  200M 0s
 15250K .......... .......... .......... .......... .......... 76%  186M 0s
 15300K .......... .......... .......... .......... .......... 76%  193M 0s
 15350K .......... .......... .......... .......... .......... 76%  184M 0s
 15400K .......... .......... .......... .......... .......... 76%  194M 0s
 15450K .......... .......... .......... .......... .......... 77%  190M 0s
 15500K .......... .......... .......... .......... .......... 77%  179M 0s
 15550K .......... .......... .......... .......... .......... 77%  234M 0s
 15600K .......... .......... .......... .......... .......... 77%  225M 0s
 15650K .......... .......... .......... .......... .......... 78%  186M 0s
 15700K .......... .......... .......... .......... .......... 78%  213M 0s
 15750K .......... .......... .......... .......... .......... 78%  279M 0s
 15800K .......... .......... .......... .......... .......... 78%  284M 0s
 15850K .......... .......... .......... .......... .......... 79%  279M 0s
 15900K .......... .......... .......... .......... .......... 79%  278M 0s
 15950K .......... .......... .......... .......... .......... 79%  329M 0s
 16000K .......... .......... .......... .......... .......... 79%  293M 0s
 16050K .......... .......... .......... .......... .......... 80%  276M 0s
 16100K .......... .......... .......... .......... .......... 80%  288M 0s
 16150K .......... .......... .......... .......... .......... 80%  236M 0s
 16200K .......... .......... .......... .......... .......... 80%  208M 0s
 16250K .......... .......... .......... .......... .......... 81%  211M 0s
 16300K .......... .......... .......... .......... .......... 81%  204M 0s
 16350K .......... .......... .......... .......... .......... 81%  188M 0s
 16400K .......... .......... .......... .......... .......... 81%  210M 0s
 16450K .......... .......... .......... .......... .......... 82%  191M 0s
 16500K .......... .......... .......... .......... .......... 82%  190M 0s
 16550K .......... .......... .......... .......... .......... 82%  186M 0s
 16600K .......... .......... .......... .......... .......... 82%  192M 0s
 16650K .......... .......... .......... .......... .......... 83%  171M 0s
 16700K .......... .......... .......... .......... .......... 83%  183M 0s
 16750K .......... .......... .......... .......... .......... 83%  203M 0s
 16800K .......... .......... .......... .......... .......... 83%  232M 0s
 16850K .......... .......... .......... .......... .......... 84%  200M 0s
 16900K .......... .......... .......... .......... .......... 84%  288M 0s
 16950K .......... .......... .......... .......... .......... 84%  290M 0s
 17000K .......... .......... .......... .......... .......... 84%  248M 0s
 17050K .......... .......... .......... .......... .......... 85%  158M 0s
 17100K .......... .......... .......... .......... .......... 85%  138M 0s
 17150K .......... .......... .......... .......... .......... 85%  140M 0s
 17200K .......... .......... .......... .......... .......... 85%  129M 0s
 17250K .......... .......... .......... .......... .......... 86%  151M 0s
 17300K .......... .......... .......... .......... .......... 86%  111M 0s
 17350K .......... .......... .......... .......... .......... 86%  123M 0s
 17400K .......... .......... .......... .......... .......... 86%  149M 0s
 17450K .......... .......... .......... .......... .......... 87%  200M 0s
 17500K .......... .......... .......... .......... .......... 87%  173M 0s
 17550K .......... .......... .......... .......... .......... 87%  196M 0s
 17600K .......... .......... .......... .......... .......... 87%  171M 0s
 17650K .......... .......... .......... .......... .......... 88%  184M 0s
 17700K .......... .......... .......... .......... .......... 88%  216M 0s
 17750K .......... .......... .......... .......... .......... 88%  199M 0s
 17800K .......... .......... .......... .......... .......... 88%  192M 0s
 17850K .......... .......... .......... .......... .......... 89%  200M 0s
 17900K .......... .......... .......... .......... .......... 89%  184M 0s
 17950K .......... .......... .......... .......... .......... 89%  218M 0s
 18000K .......... .......... .......... .......... .......... 89%  194M 0s
 18050K .......... .......... .......... .......... .......... 90% 79.8M 0s
 18100K .......... .......... .......... .......... .......... 90%  132M 0s
 18150K .......... .......... .......... .......... .......... 90%  130M 0s
 18200K .......... .......... .......... .......... .......... 90%  129M 0s
 18250K .......... .......... .......... .......... .......... 91%  197M 0s
 18300K .......... .......... .......... .......... .......... 91%  155M 0s
 18350K .......... .......... .......... .......... .......... 91%  164M 0s
 18400K .......... .......... .......... .......... .......... 91%  234M 0s
 18450K .......... .......... .......... .......... .......... 92%  200M 0s
 18500K .......... .......... .......... .......... .......... 92% 21.5M 0s
 18550K .......... .......... .......... .......... .......... 92%  340M 0s
 18600K .......... .......... .......... .......... .......... 92%  275M 0s
 18650K .......... .......... .......... .......... .......... 93%  289M 0s
 18700K .......... .......... .......... .......... .......... 93%  217M 0s
 18750K .......... .......... .......... .......... .......... 93%  213M 0s
 18800K .......... .......... .......... .......... .......... 93%  232M 0s
 18850K .......... .......... .......... .......... .......... 94%  259M 0s
 18900K .......... .......... .......... .......... .......... 94%  215M 0s
 18950K .......... .......... .......... .......... .......... 94%  207M 0s
 19000K .......... .......... .......... .......... .......... 94%  266M 0s
 19050K .......... .......... .......... .......... .......... 95%  213M 0s
 19100K .......... .......... .......... .......... .......... 95%  195M 0s
 19150K .......... .......... .......... .......... .......... 95%  262M 0s
 19200K .......... .......... .......... .......... .......... 95%  262M 0s
 19250K .......... .......... .......... .......... .......... 96%  292M 0s
 19300K .......... .......... .......... .......... .......... 96%  295M 0s
 19350K .......... .......... .......... .......... .......... 96%  323M 0s
 19400K .......... .......... .......... .......... .......... 96%  330M 0s
 19450K .......... .......... .......... .......... .......... 97%  286M 0s
 19500K .......... .......... .......... .......... .......... 97%  286M 0s
 19550K .......... .......... .......... .......... .......... 97% 14.3M 0s
 19600K .......... .......... .......... .......... .......... 97%  122M 0s
 19650K .......... .......... .......... .......... .......... 98%  192M 0s
 19700K .......... .......... .......... .......... .......... 98%  121M 0s
 19750K .......... .......... .......... .......... .......... 98%  140M 0s
 19800K .......... .......... .......... .......... .......... 98%  142M 0s
 19850K .......... .......... .......... .......... .......... 99%  173M 0s
 19900K .......... .......... .......... .......... .......... 99%  192M 0s
 19950K .......... .......... .......... .......... .......... 99%  186M 0s
 20000K .......... .......... .......... .......... .......... 99%  182M 0s
 20050K .......... .......... ..                              100%  346M=0.2s

2021-03-05 15:17:15 (121 MB/s) - ‘/tmp/platform-engine.zip’ saved [20554014/20554014]

Archive:  /tmp/platform-engine.zip
  inflating: /opt/elasticbeanstalk/bin/publishlogs  
  inflating: /opt/elasticbeanstalk/bin/platform-engine  
  inflating: /opt/elasticbeanstalk/bin/get-config  
  inflating: /opt/elasticbeanstalk/config/private/ruby_common_env  
  inflating: /opt/elasticbeanstalk/config/private/aws-eb.target  
  inflating: /opt/elasticbeanstalk/config/private/systemd.template  
  inflating: /opt/elasticbeanstalk/config/private/httpd/staticfilesmapping.conf.template  
  inflating: /opt/elasticbeanstalk/config/private/httpd/httpd.conf.template  
  inflating: /opt/elasticbeanstalk/config/private/httpd/applicationport.conf.template  
  inflating: /opt/elasticbeanstalk/config/private/httpd/gzip.conf  
  inflating: /opt/elasticbeanstalk/config/private/rsyslog.conf.template  
  inflating: /opt/elasticbeanstalk/config/private/eb-banner  
  inflating: /opt/elasticbeanstalk/config/private/containercommandsupport/container-defaults.sh  
  inflating: /opt/elasticbeanstalk/config/private/containercommandsupport/leader-test.sh  
  inflating: /opt/elasticbeanstalk/config/private/guidlocking/repo.py  
  inflating: /opt/elasticbeanstalk/config/private/logrotate/logrotate-cron.template  
  inflating: /opt/elasticbeanstalk/config/private/logrotate/logrotate.template  
  inflating: /opt/elasticbeanstalk/config/private/sqsd/default.yaml.template  
  inflating: /opt/elasticbeanstalk/config/private/sqsd/sqsdversion.json  
  inflating: /opt/elasticbeanstalk/config/private/beanstalk-magic  
  inflating: /opt/elasticbeanstalk/config/private/aws-eb-command-handler.conf  
  inflating: /opt/elasticbeanstalk/config/private/nginx/nginx.conf.template  
  inflating: /opt/elasticbeanstalk/config/private/nginx/staticfilesmapping.conf.template  
  inflating: /opt/elasticbeanstalk/config/private/nginx/applicationport.conf.template  
  inflating: /opt/elasticbeanstalk/config/private/cfn-hup-wrapper  
  inflating: /opt/elasticbeanstalk/config/private/logtasks/cron/publishlogs  
  inflating: /opt/elasticbeanstalk/config/private/healthd/config.yaml.template  
  inflating: /opt/elasticbeanstalk/config/private/healthd/healthd_httpd.conf  
  inflating: /opt/elasticbeanstalk/config/private/healthd/logcleanup-cron.template  
 extracting: /opt/elasticbeanstalk/config/private/healthd/healthddependency  
  inflating: /opt/elasticbeanstalk/config/private/healthd/healthd_nginx.conf  
  inflating: /opt/elasticbeanstalk/config/private/healthd/healthd_logformat.conf  
  inflating: /opt/elasticbeanstalk/config/private/cfn-hup.conf.template  
 extracting: /opt/elasticbeanstalk/config/private/restartcfn.sh  
  inflating: /opt/elasticbeanstalk/config/private/systemd-append.template  
 extracting: /opt/elasticbeanstalk/tasks/publishlogs.d/eb-app.conf  
  inflating: /opt/elasticbeanstalk/tasks/bundlelogs.d/system.conf  
 extracting: /opt/elasticbeanstalk/tasks/bundlelogs.d/eb-hooks.conf  
 extracting: /opt/elasticbeanstalk/tasks/bundlelogs.d/rotate.conf  
  inflating: /opt/elasticbeanstalk/tasks/bundlelogs.d/cfn-system.conf  
  inflating: /opt/elasticbeanstalk/tasks/bundlelogs.d/eb-app.conf  
 extracting: /opt/elasticbeanstalk/tasks/bundlelogs.d/cloud-init-system.conf  
  inflating: /opt/elasticbeanstalk/tasks/bundlelogs.d/eb-system.conf  
  inflating: /opt/elasticbeanstalk/tasks/taillogs.d/eb-engine.conf  
[2021-03-05T15:17:16.835Z] Successfully bootstrapped instance.
[2021-03-05T15:17:16.840Z] Sending signal 0 to CFN wait condition https://cloudformation-waitcondition-us-west-2.s3-us-west-2.amazonaws.com/arn%3Aaws%3Acloudformation%3Aus-west-2%3A375215620020%3Astack/awseb-e-5mp5kqxi5i-stack/a711c100-7dc5-11eb-b264-0a4496d1441f/AWSEBInstanceLaunchWaitHandle?X-Amz-Algorithm=AWS4-HMAC-SHA256&X-Amz-Date=20210305T151548Z&X-Amz-SignedHeaders=host&X-Amz-Expires=86399&X-Amz-Credential=AKIAJBJSWSW6NLR67N6A%2F20210305%2Fus-west-2%2Fs3%2Faws4_request&X-Amz-Signature=620149175fe9d300a9fc7886b640a4178e7260ea8820c84f404ebfbaf2e1d138
CloudFormation signaled successfully with SUCCESS.
[2021-03-05T15:17:17.264Z] Tailing /var/log/eb-commandprocessor.log

******************* eb-commandprocessor taillog *******************
***eb-commandprocessor is not available yet.***
******************* End of taillog *******************


[2021-03-05T15:17:17.267Z] Tailing /var/log/eb-activity.log

******************* eb-activity taillog *******************
***eb-activity is not available yet.***
******************* End of taillog *******************


[2021-03-05T15:17:17.269Z] Tailing /var/log/eb-tools.log

******************* eb-tools taillog *******************
***eb-tools is not available yet.***
******************* End of taillog *******************


[2021-03-05T15:17:17.272Z] Tailing /var/log/eb-version-deployment.log

******************* eb-version-deployment taillog *******************
***eb-version-deployment is not available yet.***
******************* End of taillog *******************


[2021-03-05T15:17:17.274Z] Tailing /var/log/cfn-init.log

******************* cfn-init taillog *******************
2021-03-05 15:16:43,192 [INFO] -----------------------Starting build-----------------------
2021-03-05 15:16:43,198 [INFO] Running configSets: _OnInstanceBoot
2021-03-05 15:16:43,201 [INFO] Running configSet _OnInstanceBoot
2021-03-05 15:16:43,204 [INFO] Running config AWSEBBaseConfig
2021-03-05 15:17:14,981 [INFO] Command clearbackupfiles succeeded
2021-03-05 15:17:14,985 [INFO] Running config AWSEBCfnHupEndpointOverride
2021-03-05 15:17:14,988 [INFO] Command clearbackupfiles succeeded
2021-03-05 15:17:14,990 [INFO] ConfigSets completed
2021-03-05 15:17:14,990 [INFO] -----------------------Build complete-----------------------
******************* End of taillog *******************


[2021-03-05T15:17:17.279Z] Tailing /var/log/cfn-hup.log

******************* cfn-hup taillog *******************
2021-03-05 15:17:17,080 [DEBUG] CloudFormation client initialized with endpoint https://cloudformation.us-west-2.amazonaws.com
2021-03-05 15:17:17,080 [DEBUG] SQS client initialized with endpoint https://sqs.us-west-2.amazonaws.com
2021-03-05 15:17:17,080 [DEBUG] CloudFormation client initialized with endpoint https://cloudformation.us-west-2.amazonaws.com
2021-03-05 15:17:17,081 [DEBUG] Enabled single threading mode.
2021-03-05 15:17:17,081 [DEBUG] Creating /var/lib/cfn-hup/data
2021-03-05 15:17:17,088 [INFO] No umask value specified in config file. Using the default one: 022
******************* End of taillog *******************


[2021-03-05T15:17:17.283Z] Completed EB Bootstrapping Script.
+ RESULT=0
+ [[ 0 -ne 0 ]]
+ exit 0
